Build started 3/31/2018 16:57:41.
     1>Project "C:\Users\Natesh\Documents\GitHub\Sfwrtech-3PR3-Final-Project---CRM\CRM_Project\CRM_Project\CRM_Project.vcxproj" on node 2 (Rebuild target(s)).
     1>ClCompile:
         C:\Program Files (x86)\Microsoft Visual Studio 11.0\VC\bin\CL.exe /c /ZI /nologo /W3 /WX- /sdl /Od /Oy- /D WIN32 /D _DEBUG /D _CONSOLE /D _UNICODE /D UNICODE /Gm /EHsc /RTC1 /MDd /GS /fp:precise /Zc:wchar_t /Zc:forScope /Yc"stdafx.h" /Fp"Debug\CRM_Project.pch" /Fo"Debug\\" /Fd"Debug\vc110.pdb" /Gd /TP /analyze- /errorReport:prompt stdafx.cpp
         stdafx.cpp
         C:\Program Files (x86)\Microsoft Visual Studio 11.0\VC\bin\CL.exe /c /ZI /nologo /W3 /WX- /sdl /Od /Oy- /D WIN32 /D _DEBUG /D _CONSOLE /D _UNICODE /D UNICODE /Gm /EHsc /RTC1 /MDd /GS /fp:precise /Zc:wchar_t /Zc:forScope /Yu"stdafx.h" /Fp"Debug\CRM_Project.pch" /Fo"Debug\\" /Fd"Debug\vc110.pdb" /Gd /TP /analyze- /errorReport:prompt CaseManager.cpp ClientManager.cpp CompanyManager.cpp CRM_Project.cpp CustomerServiceManager.cpp DBManager.cpp
         DBManager.cpp
     1>c:\users\natesh\documents\github\sfwrtech-3pr3-final-project---crm\crm_project\crm_project\dbmanager.h(41): warning C4091: 'static ' : ignored on left of 'DBManager' when no variable is declared
         CustomerServiceManager.cpp
     1>c:\users\natesh\documents\github\sfwrtech-3pr3-final-project---crm\crm_project\crm_project\customerservicemanager.h(17): warning C4091: 'static ' : ignored on left of 'CustomerServiceManager' when no variable is declared
     1>c:\users\natesh\documents\github\sfwrtech-3pr3-final-project---crm\crm_project\crm_project\dbmanager.h(41): warning C4091: 'static ' : ignored on left of 'DBManager' when no variable is declared
         CRM_Project.cpp
     1>c:\users\natesh\documents\github\sfwrtech-3pr3-final-project---crm\crm_project\crm_project\casemanager.h(17): warning C4091: 'static ' : ignored on left of 'CaseManager' when no variable is declared
     1>c:\users\natesh\documents\github\sfwrtech-3pr3-final-project---crm\crm_project\crm_project\clientmanager.h(17): warning C4091: 'static ' : ignored on left of 'ClientManager' when no variable is declared
     1>c:\users\natesh\documents\github\sfwrtech-3pr3-final-project---crm\crm_project\crm_project\companymanager.h(17): warning C4091: 'static ' : ignored on left of 'CompanyManager' when no variable is declared
     1>c:\users\natesh\documents\github\sfwrtech-3pr3-final-project---crm\crm_project\crm_project\customerservicemanager.h(17): warning C4091: 'static ' : ignored on left of 'CustomerServiceManager' when no variable is declared
     1>c:\users\natesh\documents\github\sfwrtech-3pr3-final-project---crm\crm_project\crm_project\dbmanager.h(41): warning C4091: 'static ' : ignored on left of 'DBManager' when no variable is declared
         CompanyManager.cpp
     1>c:\users\natesh\documents\github\sfwrtech-3pr3-final-project---crm\crm_project\crm_project\companymanager.h(17): warning C4091: 'static ' : ignored on left of 'CompanyManager' when no variable is declared
     1>c:\users\natesh\documents\github\sfwrtech-3pr3-final-project---crm\crm_project\crm_project\dbmanager.h(41): warning C4091: 'static ' : ignored on left of 'DBManager' when no variable is declared
         ClientManager.cpp
     1>c:\users\natesh\documents\github\sfwrtech-3pr3-final-project---crm\crm_project\crm_project\clientmanager.h(17): warning C4091: 'static ' : ignored on left of 'ClientManager' when no variable is declared
     1>c:\users\natesh\documents\github\sfwrtech-3pr3-final-project---crm\crm_project\crm_project\dbmanager.h(41): warning C4091: 'static ' : ignored on left of 'DBManager' when no variable is declared
         CaseManager.cpp
     1>c:\users\natesh\documents\github\sfwrtech-3pr3-final-project---crm\crm_project\crm_project\casemanager.h(17): warning C4091: 'static ' : ignored on left of 'CaseManager' when no variable is declared
     1>c:\users\natesh\documents\github\sfwrtech-3pr3-final-project---crm\crm_project\crm_project\dbmanager.h(41): warning C4091: 'static ' : ignored on left of 'DBManager' when no variable is declared
         Generating Code...
       Link:
         C:\Program Files (x86)\Microsoft Visual Studio 11.0\VC\bin\link.exe /ERRORREPORT:PROMPT /OUT:"C:\Users\Natesh\Documents\GitHub\Sfwrtech-3PR3-Final-Project---CRM\CRM_Project\Debug\CRM_Project.exe" /INCREMENTAL /NOLOGO kernel32.lib user32.lib gdi32.lib winspool.lib comdlg32.lib advapi32.lib shell32.lib ole32.lib oleaut32.lib uuid.lib odbc32.lib odbccp32.lib /MANIFEST /MANIFESTUAC:"level='asInvoker' uiAccess='false'" /manifest:embed /DEBUG /PDB:"C:\Users\Natesh\Documents\GitHub\Sfwrtech-3PR3-Final-Project---CRM\CRM_Project\Debug\CRM_Project.pdb" /SUBSYSTEM:CONSOLE /TLBID:1 /DYNAMICBASE /NXCOMPAT /IMPLIB:"C:\Users\Natesh\Documents\GitHub\Sfwrtech-3PR3-Final-Project---CRM\CRM_Project\Debug\CRM_Project.lib" /MACHINE:X86 Debug\CaseManager.obj
         Debug\ClientManager.obj
         Debug\CompanyManager.obj
         Debug\CRM_Project.obj
         Debug\CustomerServiceManager.obj
         Debug\DBManager.obj
         Debug\stdafx.obj
     1>ClientManager.obj : error LNK2005: "public: __thiscall Case::Case(void)" (??0Case@@QAE@XZ) already defined in CaseManager.obj
     1>ClientManager.obj : error LNK2005: "public: __thiscall Client::Client(void)" (??0Client@@QAE@XZ) already defined in CaseManager.obj
     1>ClientManager.obj : error LNK2005: "public: __thiscall Company::Company(void)" (??0Company@@QAE@XZ) already defined in CaseManager.obj
     1>ClientManager.obj : error LNK2005: "public: __thiscall CustomerService::CustomerService(void)" (??0CustomerService@@QAE@XZ) already defined in CaseManager.obj
     1>ClientManager.obj : error LNK2005: "public: __thiscall Case::~Case(void)" (??1Case@@QAE@XZ) already defined in CaseManager.obj
     1>ClientManager.obj : error LNK2005: "public: __thiscall Client::~Client(void)" (??1Client@@QAE@XZ) already defined in CaseManager.obj
     1>ClientManager.obj : error LNK2005: "public: __thiscall Company::~Company(void)" (??1Company@@QAE@XZ) already defined in CaseManager.obj
     1>ClientManager.obj : error LNK2005: "public: __thiscall CustomerService::~CustomerService(void)" (??1CustomerService@@QAE@XZ) already defined in CaseManager.obj
     1>ClientManager.obj : error LNK2005: "public: class std::basic_string<char,struct std::char_traits<char>,class std::allocator<char> > __thiscall Company::get_address(void)" (?get_address@Company@@QAE?AV?$basic_string@DU?$char_traits@D@std@@V?$allocator@D@2@@std@@XZ) already defined in CaseManager.obj
     1>ClientManager.obj : error LNK2005: "public: class std::basic_string<char,struct std::char_traits<char>,class std::allocator<char> > __thiscall Case::get_caseId(void)" (?get_caseId@Case@@QAE?AV?$basic_string@DU?$char_traits@D@std@@V?$allocator@D@2@@std@@XZ) already defined in CaseManager.obj
     1>ClientManager.obj : error LNK2005: "public: class std::basic_string<char,struct std::char_traits<char>,class std::allocator<char> > __thiscall Case::get_clientId(void)" (?get_clientId@Case@@QAE?AV?$basic_string@DU?$char_traits@D@std@@V?$allocator@D@2@@std@@XZ) already defined in CaseManager.obj
     1>ClientManager.obj : error LNK2005: "public: class std::basic_string<char,struct std::char_traits<char>,class std::allocator<char> > __thiscall Client::get_clientId(void)" (?get_clientId@Client@@QAE?AV?$basic_string@DU?$char_traits@D@std@@V?$allocator@D@2@@std@@XZ) already defined in CaseManager.obj
     1>ClientManager.obj : error LNK2005: "public: class std::basic_string<char,struct std::char_traits<char>,class std::allocator<char> > __thiscall Client::get_companyId(void)" (?get_companyId@Client@@QAE?AV?$basic_string@DU?$char_traits@D@std@@V?$allocator@D@2@@std@@XZ) already defined in CaseManager.obj
     1>ClientManager.obj : error LNK2005: "public: class std::basic_string<char,struct std::char_traits<char>,class std::allocator<char> > __thiscall Company::get_companyId(void)" (?get_companyId@Company@@QAE?AV?$basic_string@DU?$char_traits@D@std@@V?$allocator@D@2@@std@@XZ) already defined in CaseManager.obj
     1>ClientManager.obj : error LNK2005: "public: class std::basic_string<char,struct std::char_traits<char>,class std::allocator<char> > __thiscall CustomerService::get_companyId(void)" (?get_companyId@CustomerService@@QAE?AV?$basic_string@DU?$char_traits@D@std@@V?$allocator@D@2@@std@@XZ) already defined in CaseManager.obj
     1>ClientManager.obj : error LNK2005: "public: class std::basic_string<char,struct std::char_traits<char>,class std::allocator<char> > __thiscall Case::get_details(void)" (?get_details@Case@@QAE?AV?$basic_string@DU?$char_traits@D@std@@V?$allocator@D@2@@std@@XZ) already defined in CaseManager.obj
     1>ClientManager.obj : error LNK2005: "public: class std::basic_string<char,struct std::char_traits<char>,class std::allocator<char> > __thiscall Client::get_emailAddress(void)" (?get_emailAddress@Client@@QAE?AV?$basic_string@DU?$char_traits@D@std@@V?$allocator@D@2@@std@@XZ) already defined in CaseManager.obj
     1>ClientManager.obj : error LNK2005: "public: class std::basic_string<char,struct std::char_traits<char>,class std::allocator<char> > __thiscall Client::get_name(void)" (?get_name@Client@@QAE?AV?$basic_string@DU?$char_traits@D@std@@V?$allocator@D@2@@std@@XZ) already defined in CaseManager.obj
     1>ClientManager.obj : error LNK2005: "public: class std::basic_string<char,struct std::char_traits<char>,class std::allocator<char> > __thiscall Company::get_name(void)" (?get_name@Company@@QAE?AV?$basic_string@DU?$char_traits@D@std@@V?$allocator@D@2@@std@@XZ) already defined in CaseManager.obj
     1>ClientManager.obj : error LNK2005: "public: class std::basic_string<char,struct std::char_traits<char>,class std::allocator<char> > __thiscall CustomerService::get_name(void)" (?get_name@CustomerService@@QAE?AV?$basic_string@DU?$char_traits@D@std@@V?$allocator@D@2@@std@@XZ) already defined in CaseManager.obj
     1>ClientManager.obj : error LNK2005: "public: class std::basic_string<char,struct std::char_traits<char>,class std::allocator<char> > __thiscall Client::get_notes(void)" (?get_notes@Client@@QAE?AV?$basic_string@DU?$char_traits@D@std@@V?$allocator@D@2@@std@@XZ) already defined in CaseManager.obj
     1>ClientManager.obj : error LNK2005: "public: class std::basic_string<char,struct std::char_traits<char>,class std::allocator<char> > __thiscall Client::get_phoneNumber(void)" (?get_phoneNumber@Client@@QAE?AV?$basic_string@DU?$char_traits@D@std@@V?$allocator@D@2@@std@@XZ) already defined in CaseManager.obj
     1>ClientManager.obj : error LNK2005: "public: class std::basic_string<char,struct std::char_traits<char>,class std::allocator<char> > __thiscall Client::get_physicalAddress(void)" (?get_physicalAddress@Client@@QAE?AV?$basic_string@DU?$char_traits@D@std@@V?$allocator@D@2@@std@@XZ) already defined in CaseManager.obj
     1>ClientManager.obj : error LNK2005: "public: class std::basic_string<char,struct std::char_traits<char>,class std::allocator<char> > __thiscall Case::get_repId(void)" (?get_repId@Case@@QAE?AV?$basic_string@DU?$char_traits@D@std@@V?$allocator@D@2@@std@@XZ) already defined in CaseManager.obj
     1>ClientManager.obj : error LNK2005: "public: class std::basic_string<char,struct std::char_traits<char>,class std::allocator<char> > __thiscall CustomerService::get_repId(void)" (?get_repId@CustomerService@@QAE?AV?$basic_string@DU?$char_traits@D@std@@V?$allocator@D@2@@std@@XZ) already defined in CaseManager.obj
     1>ClientManager.obj : error LNK2005: "public: class std::basic_string<char,struct std::char_traits<char>,class std::allocator<char> > __thiscall Company::get_sector(void)" (?get_sector@Company@@QAE?AV?$basic_string@DU?$char_traits@D@std@@V?$allocator@D@2@@std@@XZ) already defined in CaseManager.obj
     1>ClientManager.obj : error LNK2005: "public: class std::basic_string<char,struct std::char_traits<char>,class std::allocator<char> > __thiscall Client::get_title(void)" (?get_title@Client@@QAE?AV?$basic_string@DU?$char_traits@D@std@@V?$allocator@D@2@@std@@XZ) already defined in CaseManager.obj
     1>ClientManager.obj : error LNK2005: "public: class std::basic_string<char,struct std::char_traits<char>,class std::allocator<char> > __thiscall Case::get_type(void)" (?get_type@Case@@QAE?AV?$basic_string@DU?$char_traits@D@std@@V?$allocator@D@2@@std@@XZ) already defined in CaseManager.obj
     1>ClientManager.obj : error LNK2005: "public: void __thiscall Company::set_address(class std::basic_string<char,struct std::char_traits<char>,class std::allocator<char> >)" (?set_address@Company@@QAEXV?$basic_string@DU?$char_traits@D@std@@V?$allocator@D@2@@std@@@Z) already defined in CaseManager.obj
     1>ClientManager.obj : error LNK2005: "public: void __thiscall Case::set_caseId(class std::basic_string<char,struct std::char_traits<char>,class std::allocator<char> >)" (?set_caseId@Case@@QAEXV?$basic_string@DU?$char_traits@D@std@@V?$allocator@D@2@@std@@@Z) already defined in CaseManager.obj
     1>ClientManager.obj : error LNK2005: "public: void __thiscall Case::set_clientId(class std::basic_string<char,struct std::char_traits<char>,class std::allocator<char> >)" (?set_clientId@Case@@QAEXV?$basic_string@DU?$char_traits@D@std@@V?$allocator@D@2@@std@@@Z) already defined in CaseManager.obj
     1>ClientManager.obj : error LNK2005: "public: void __thiscall Client::set_clientId(class std::basic_string<char,struct std::char_traits<char>,class std::allocator<char> >)" (?set_clientId@Client@@QAEXV?$basic_string@DU?$char_traits@D@std@@V?$allocator@D@2@@std@@@Z) already defined in CaseManager.obj
     1>ClientManager.obj : error LNK2005: "public: void __thiscall Client::set_companyId(class std::basic_string<char,struct std::char_traits<char>,class std::allocator<char> >)" (?set_companyId@Client@@QAEXV?$basic_string@DU?$char_traits@D@std@@V?$allocator@D@2@@std@@@Z) already defined in CaseManager.obj
     1>ClientManager.obj : error LNK2005: "public: void __thiscall Company::set_companyId(class std::basic_string<char,struct std::char_traits<char>,class std::allocator<char> >)" (?set_companyId@Company@@QAEXV?$basic_string@DU?$char_traits@D@std@@V?$allocator@D@2@@std@@@Z) already defined in CaseManager.obj
     1>ClientManager.obj : error LNK2005: "public: void __thiscall CustomerService::set_companyId(class std::basic_string<char,struct std::char_traits<char>,class std::allocator<char> >)" (?set_companyId@CustomerService@@QAEXV?$basic_string@DU?$char_traits@D@std@@V?$allocator@D@2@@std@@@Z) already defined in CaseManager.obj
     1>ClientManager.obj : error LNK2005: "public: void __thiscall Case::set_details(class std::basic_string<char,struct std::char_traits<char>,class std::allocator<char> >)" (?set_details@Case@@QAEXV?$basic_string@DU?$char_traits@D@std@@V?$allocator@D@2@@std@@@Z) already defined in CaseManager.obj
     1>ClientManager.obj : error LNK2005: "public: void __thiscall Client::set_emailAddress(class std::basic_string<char,struct std::char_traits<char>,class std::allocator<char> >)" (?set_emailAddress@Client@@QAEXV?$basic_string@DU?$char_traits@D@std@@V?$allocator@D@2@@std@@@Z) already defined in CaseManager.obj
     1>ClientManager.obj : error LNK2005: "public: void __thiscall Client::set_name(class std::basic_string<char,struct std::char_traits<char>,class std::allocator<char> >)" (?set_name@Client@@QAEXV?$basic_string@DU?$char_traits@D@std@@V?$allocator@D@2@@std@@@Z) already defined in CaseManager.obj
     1>ClientManager.obj : error LNK2005: "public: void __thiscall Company::set_name(class std::basic_string<char,struct std::char_traits<char>,class std::allocator<char> >)" (?set_name@Company@@QAEXV?$basic_string@DU?$char_traits@D@std@@V?$allocator@D@2@@std@@@Z) already defined in CaseManager.obj
     1>ClientManager.obj : error LNK2005: "public: void __thiscall CustomerService::set_name(class std::basic_string<char,struct std::char_traits<char>,class std::allocator<char> >)" (?set_name@CustomerService@@QAEXV?$basic_string@DU?$char_traits@D@std@@V?$allocator@D@2@@std@@@Z) already defined in CaseManager.obj
     1>ClientManager.obj : error LNK2005: "public: void __thiscall Client::set_notes(class std::basic_string<char,struct std::char_traits<char>,class std::allocator<char> >)" (?set_notes@Client@@QAEXV?$basic_string@DU?$char_traits@D@std@@V?$allocator@D@2@@std@@@Z) already defined in CaseManager.obj
     1>ClientManager.obj : error LNK2005: "public: void __thiscall Client::set_phoneNumber(class std::basic_string<char,struct std::char_traits<char>,class std::allocator<char> >)" (?set_phoneNumber@Client@@QAEXV?$basic_string@DU?$char_traits@D@std@@V?$allocator@D@2@@std@@@Z) already defined in CaseManager.obj
     1>ClientManager.obj : error LNK2005: "public: void __thiscall Client::set_physicalAddress(class std::basic_string<char,struct std::char_traits<char>,class std::allocator<char> >)" (?set_physicalAddress@Client@@QAEXV?$basic_string@DU?$char_traits@D@std@@V?$allocator@D@2@@std@@@Z) already defined in CaseManager.obj
     1>ClientManager.obj : error LNK2005: "public: void __thiscall Case::set_repId(class std::basic_string<char,struct std::char_traits<char>,class std::allocator<char> >)" (?set_repId@Case@@QAEXV?$basic_string@DU?$char_traits@D@std@@V?$allocator@D@2@@std@@@Z) already defined in CaseManager.obj
     1>ClientManager.obj : error LNK2005: "public: void __thiscall CustomerService::set_repId(class std::basic_string<char,struct std::char_traits<char>,class std::allocator<char> >)" (?set_repId@CustomerService@@QAEXV?$basic_string@DU?$char_traits@D@std@@V?$allocator@D@2@@std@@@Z) already defined in CaseManager.obj
     1>ClientManager.obj : error LNK2005: "public: void __thiscall Company::set_sector(class std::basic_string<char,struct std::char_traits<char>,class std::allocator<char> >)" (?set_sector@Company@@QAEXV?$basic_string@DU?$char_traits@D@std@@V?$allocator@D@2@@std@@@Z) already defined in CaseManager.obj
     1>ClientManager.obj : error LNK2005: "public: void __thiscall Client::set_title(class std::basic_string<char,struct std::char_traits<char>,class std::allocator<char> >)" (?set_title@Client@@QAEXV?$basic_string@DU?$char_traits@D@std@@V?$allocator@D@2@@std@@@Z) already defined in CaseManager.obj
     1>ClientManager.obj : error LNK2005: "public: void __thiscall Case::set_type(class std::basic_string<char,struct std::char_traits<char>,class std::allocator<char> >)" (?set_type@Case@@QAEXV?$basic_string@DU?$char_traits@D@std@@V?$allocator@D@2@@std@@@Z) already defined in CaseManager.obj
     1>CompanyManager.obj : error LNK2005: "public: __thiscall Case::Case(void)" (??0Case@@QAE@XZ) already defined in CaseManager.obj
     1>CompanyManager.obj : error LNK2005: "public: __thiscall Client::Client(void)" (??0Client@@QAE@XZ) already defined in CaseManager.obj
     1>CompanyManager.obj : error LNK2005: "public: __thiscall Company::Company(void)" (??0Company@@QAE@XZ) already defined in CaseManager.obj
     1>CompanyManager.obj : error LNK2005: "public: __thiscall CustomerService::CustomerService(void)" (??0CustomerService@@QAE@XZ) already defined in CaseManager.obj
     1>CompanyManager.obj : error LNK2005: "public: __thiscall Case::~Case(void)" (??1Case@@QAE@XZ) already defined in CaseManager.obj
     1>CompanyManager.obj : error LNK2005: "public: __thiscall Client::~Client(void)" (??1Client@@QAE@XZ) already defined in CaseManager.obj
     1>CompanyManager.obj : error LNK2005: "public: __thiscall Company::~Company(void)" (??1Company@@QAE@XZ) already defined in CaseManager.obj
     1>CompanyManager.obj : error LNK2005: "public: __thiscall CustomerService::~CustomerService(void)" (??1CustomerService@@QAE@XZ) already defined in CaseManager.obj
     1>CompanyManager.obj : error LNK2005: "public: class std::basic_string<char,struct std::char_traits<char>,class std::allocator<char> > __thiscall Company::get_address(void)" (?get_address@Company@@QAE?AV?$basic_string@DU?$char_traits@D@std@@V?$allocator@D@2@@std@@XZ) already defined in CaseManager.obj
     1>CompanyManager.obj : error LNK2005: "public: class std::basic_string<char,struct std::char_traits<char>,class std::allocator<char> > __thiscall Case::get_caseId(void)" (?get_caseId@Case@@QAE?AV?$basic_string@DU?$char_traits@D@std@@V?$allocator@D@2@@std@@XZ) already defined in CaseManager.obj
     1>CompanyManager.obj : error LNK2005: "public: class std::basic_string<char,struct std::char_traits<char>,class std::allocator<char> > __thiscall Case::get_clientId(void)" (?get_clientId@Case@@QAE?AV?$basic_string@DU?$char_traits@D@std@@V?$allocator@D@2@@std@@XZ) already defined in CaseManager.obj
     1>CompanyManager.obj : error LNK2005: "public: class std::basic_string<char,struct std::char_traits<char>,class std::allocator<char> > __thiscall Client::get_clientId(void)" (?get_clientId@Client@@QAE?AV?$basic_string@DU?$char_traits@D@std@@V?$allocator@D@2@@std@@XZ) already defined in CaseManager.obj
     1>CompanyManager.obj : error LNK2005: "public: class std::basic_string<char,struct std::char_traits<char>,class std::allocator<char> > __thiscall Client::get_companyId(void)" (?get_companyId@Client@@QAE?AV?$basic_string@DU?$char_traits@D@std@@V?$allocator@D@2@@std@@XZ) already defined in CaseManager.obj
     1>CompanyManager.obj : error LNK2005: "public: class std::basic_string<char,struct std::char_traits<char>,class std::allocator<char> > __thiscall Company::get_companyId(void)" (?get_companyId@Company@@QAE?AV?$basic_string@DU?$char_traits@D@std@@V?$allocator@D@2@@std@@XZ) already defined in CaseManager.obj
     1>CompanyManager.obj : error LNK2005: "public: class std::basic_string<char,struct std::char_traits<char>,class std::allocator<char> > __thiscall CustomerService::get_companyId(void)" (?get_companyId@CustomerService@@QAE?AV?$basic_string@DU?$char_traits@D@std@@V?$allocator@D@2@@std@@XZ) already defined in CaseManager.obj
     1>CompanyManager.obj : error LNK2005: "public: class std::basic_string<char,struct std::char_traits<char>,class std::allocator<char> > __thiscall Case::get_details(void)" (?get_details@Case@@QAE?AV?$basic_string@DU?$char_traits@D@std@@V?$allocator@D@2@@std@@XZ) already defined in CaseManager.obj
     1>CompanyManager.obj : error LNK2005: "public: class std::basic_string<char,struct std::char_traits<char>,class std::allocator<char> > __thiscall Client::get_emailAddress(void)" (?get_emailAddress@Client@@QAE?AV?$basic_string@DU?$char_traits@D@std@@V?$allocator@D@2@@std@@XZ) already defined in CaseManager.obj
     1>CompanyManager.obj : error LNK2005: "public: class std::basic_string<char,struct std::char_traits<char>,class std::allocator<char> > __thiscall Client::get_name(void)" (?get_name@Client@@QAE?AV?$basic_string@DU?$char_traits@D@std@@V?$allocator@D@2@@std@@XZ) already defined in CaseManager.obj
     1>CompanyManager.obj : error LNK2005: "public: class std::basic_string<char,struct std::char_traits<char>,class std::allocator<char> > __thiscall Company::get_name(void)" (?get_name@Company@@QAE?AV?$basic_string@DU?$char_traits@D@std@@V?$allocator@D@2@@std@@XZ) already defined in CaseManager.obj
     1>CompanyManager.obj : error LNK2005: "public: class std::basic_string<char,struct std::char_traits<char>,class std::allocator<char> > __thiscall CustomerService::get_name(void)" (?get_name@CustomerService@@QAE?AV?$basic_string@DU?$char_traits@D@std@@V?$allocator@D@2@@std@@XZ) already defined in CaseManager.obj
     1>CompanyManager.obj : error LNK2005: "public: class std::basic_string<char,struct std::char_traits<char>,class std::allocator<char> > __thiscall Client::get_notes(void)" (?get_notes@Client@@QAE?AV?$basic_string@DU?$char_traits@D@std@@V?$allocator@D@2@@std@@XZ) already defined in CaseManager.obj
     1>CompanyManager.obj : error LNK2005: "public: class std::basic_string<char,struct std::char_traits<char>,class std::allocator<char> > __thiscall Client::get_phoneNumber(void)" (?get_phoneNumber@Client@@QAE?AV?$basic_string@DU?$char_traits@D@std@@V?$allocator@D@2@@std@@XZ) already defined in CaseManager.obj
     1>CompanyManager.obj : error LNK2005: "public: class std::basic_string<char,struct std::char_traits<char>,class std::allocator<char> > __thiscall Client::get_physicalAddress(void)" (?get_physicalAddress@Client@@QAE?AV?$basic_string@DU?$char_traits@D@std@@V?$allocator@D@2@@std@@XZ) already defined in CaseManager.obj
     1>CompanyManager.obj : error LNK2005: "public: class std::basic_string<char,struct std::char_traits<char>,class std::allocator<char> > __thiscall Case::get_repId(void)" (?get_repId@Case@@QAE?AV?$basic_string@DU?$char_traits@D@std@@V?$allocator@D@2@@std@@XZ) already defined in CaseManager.obj
     1>CompanyManager.obj : error LNK2005: "public: class std::basic_string<char,struct std::char_traits<char>,class std::allocator<char> > __thiscall CustomerService::get_repId(void)" (?get_repId@CustomerService@@QAE?AV?$basic_string@DU?$char_traits@D@std@@V?$allocator@D@2@@std@@XZ) already defined in CaseManager.obj
     1>CompanyManager.obj : error LNK2005: "public: class std::basic_string<char,struct std::char_traits<char>,class std::allocator<char> > __thiscall Company::get_sector(void)" (?get_sector@Company@@QAE?AV?$basic_string@DU?$char_traits@D@std@@V?$allocator@D@2@@std@@XZ) already defined in CaseManager.obj
     1>CompanyManager.obj : error LNK2005: "public: class std::basic_string<char,struct std::char_traits<char>,class std::allocator<char> > __thiscall Client::get_title(void)" (?get_title@Client@@QAE?AV?$basic_string@DU?$char_traits@D@std@@V?$allocator@D@2@@std@@XZ) already defined in CaseManager.obj
     1>CompanyManager.obj : error LNK2005: "public: class std::basic_string<char,struct std::char_traits<char>,class std::allocator<char> > __thiscall Case::get_type(void)" (?get_type@Case@@QAE?AV?$basic_string@DU?$char_traits@D@std@@V?$allocator@D@2@@std@@XZ) already defined in CaseManager.obj
     1>CompanyManager.obj : error LNK2005: "public: void __thiscall Company::set_address(class std::basic_string<char,struct std::char_traits<char>,class std::allocator<char> >)" (?set_address@Company@@QAEXV?$basic_string@DU?$char_traits@D@std@@V?$allocator@D@2@@std@@@Z) already defined in CaseManager.obj
     1>CompanyManager.obj : error LNK2005: "public: void __thiscall Case::set_caseId(class std::basic_string<char,struct std::char_traits<char>,class std::allocator<char> >)" (?set_caseId@Case@@QAEXV?$basic_string@DU?$char_traits@D@std@@V?$allocator@D@2@@std@@@Z) already defined in CaseManager.obj
     1>CompanyManager.obj : error LNK2005: "public: void __thiscall Case::set_clientId(class std::basic_string<char,struct std::char_traits<char>,class std::allocator<char> >)" (?set_clientId@Case@@QAEXV?$basic_string@DU?$char_traits@D@std@@V?$allocator@D@2@@std@@@Z) already defined in CaseManager.obj
     1>CompanyManager.obj : error LNK2005: "public: void __thiscall Client::set_clientId(class std::basic_string<char,struct std::char_traits<char>,class std::allocator<char> >)" (?set_clientId@Client@@QAEXV?$basic_string@DU?$char_traits@D@std@@V?$allocator@D@2@@std@@@Z) already defined in CaseManager.obj
     1>CompanyManager.obj : error LNK2005: "public: void __thiscall Client::set_companyId(class std::basic_string<char,struct std::char_traits<char>,class std::allocator<char> >)" (?set_companyId@Client@@QAEXV?$basic_string@DU?$char_traits@D@std@@V?$allocator@D@2@@std@@@Z) already defined in CaseManager.obj
     1>CompanyManager.obj : error LNK2005: "public: void __thiscall Company::set_companyId(class std::basic_string<char,struct std::char_traits<char>,class std::allocator<char> >)" (?set_companyId@Company@@QAEXV?$basic_string@DU?$char_traits@D@std@@V?$allocator@D@2@@std@@@Z) already defined in CaseManager.obj
     1>CompanyManager.obj : error LNK2005: "public: void __thiscall CustomerService::set_companyId(class std::basic_string<char,struct std::char_traits<char>,class std::allocator<char> >)" (?set_companyId@CustomerService@@QAEXV?$basic_string@DU?$char_traits@D@std@@V?$allocator@D@2@@std@@@Z) already defined in CaseManager.obj
     1>CompanyManager.obj : error LNK2005: "public: void __thiscall Case::set_details(class std::basic_string<char,struct std::char_traits<char>,class std::allocator<char> >)" (?set_details@Case@@QAEXV?$basic_string@DU?$char_traits@D@std@@V?$allocator@D@2@@std@@@Z) already defined in CaseManager.obj
     1>CompanyManager.obj : error LNK2005: "public: void __thiscall Client::set_emailAddress(class std::basic_string<char,struct std::char_traits<char>,class std::allocator<char> >)" (?set_emailAddress@Client@@QAEXV?$basic_string@DU?$char_traits@D@std@@V?$allocator@D@2@@std@@@Z) already defined in CaseManager.obj
     1>CompanyManager.obj : error LNK2005: "public: void __thiscall Client::set_name(class std::basic_string<char,struct std::char_traits<char>,class std::allocator<char> >)" (?set_name@Client@@QAEXV?$basic_string@DU?$char_traits@D@std@@V?$allocator@D@2@@std@@@Z) already defined in CaseManager.obj
     1>CompanyManager.obj : error LNK2005: "public: void __thiscall Company::set_name(class std::basic_string<char,struct std::char_traits<char>,class std::allocator<char> >)" (?set_name@Company@@QAEXV?$basic_string@DU?$char_traits@D@std@@V?$allocator@D@2@@std@@@Z) already defined in CaseManager.obj
     1>CompanyManager.obj : error LNK2005: "public: void __thiscall CustomerService::set_name(class std::basic_string<char,struct std::char_traits<char>,class std::allocator<char> >)" (?set_name@CustomerService@@QAEXV?$basic_string@DU?$char_traits@D@std@@V?$allocator@D@2@@std@@@Z) already defined in CaseManager.obj
     1>CompanyManager.obj : error LNK2005: "public: void __thiscall Client::set_notes(class std::basic_string<char,struct std::char_traits<char>,class std::allocator<char> >)" (?set_notes@Client@@QAEXV?$basic_string@DU?$char_traits@D@std@@V?$allocator@D@2@@std@@@Z) already defined in CaseManager.obj
     1>CompanyManager.obj : error LNK2005: "public: void __thiscall Client::set_phoneNumber(class std::basic_string<char,struct std::char_traits<char>,class std::allocator<char> >)" (?set_phoneNumber@Client@@QAEXV?$basic_string@DU?$char_traits@D@std@@V?$allocator@D@2@@std@@@Z) already defined in CaseManager.obj
     1>CompanyManager.obj : error LNK2005: "public: void __thiscall Client::set_physicalAddress(class std::basic_string<char,struct std::char_traits<char>,class std::allocator<char> >)" (?set_physicalAddress@Client@@QAEXV?$basic_string@DU?$char_traits@D@std@@V?$allocator@D@2@@std@@@Z) already defined in CaseManager.obj
     1>CompanyManager.obj : error LNK2005: "public: void __thiscall Case::set_repId(class std::basic_string<char,struct std::char_traits<char>,class std::allocator<char> >)" (?set_repId@Case@@QAEXV?$basic_string@DU?$char_traits@D@std@@V?$allocator@D@2@@std@@@Z) already defined in CaseManager.obj
     1>CompanyManager.obj : error LNK2005: "public: void __thiscall CustomerService::set_repId(class std::basic_string<char,struct std::char_traits<char>,class std::allocator<char> >)" (?set_repId@CustomerService@@QAEXV?$basic_string@DU?$char_traits@D@std@@V?$allocator@D@2@@std@@@Z) already defined in CaseManager.obj
     1>CompanyManager.obj : error LNK2005: "public: void __thiscall Company::set_sector(class std::basic_string<char,struct std::char_traits<char>,class std::allocator<char> >)" (?set_sector@Company@@QAEXV?$basic_string@DU?$char_traits@D@std@@V?$allocator@D@2@@std@@@Z) already defined in CaseManager.obj
     1>CompanyManager.obj : error LNK2005: "public: void __thiscall Client::set_title(class std::basic_string<char,struct std::char_traits<char>,class std::allocator<char> >)" (?set_title@Client@@QAEXV?$basic_string@DU?$char_traits@D@std@@V?$allocator@D@2@@std@@@Z) already defined in CaseManager.obj
     1>CompanyManager.obj : error LNK2005: "public: void __thiscall Case::set_type(class std::basic_string<char,struct std::char_traits<char>,class std::allocator<char> >)" (?set_type@Case@@QAEXV?$basic_string@DU?$char_traits@D@std@@V?$allocator@D@2@@std@@@Z) already defined in CaseManager.obj
     1>CRM_Project.obj : error LNK2005: "public: __thiscall Case::Case(void)" (??0Case@@QAE@XZ) already defined in CaseManager.obj
     1>CRM_Project.obj : error LNK2005: "public: __thiscall Client::Client(void)" (??0Client@@QAE@XZ) already defined in CaseManager.obj
     1>CRM_Project.obj : error LNK2005: "public: __thiscall Company::Company(void)" (??0Company@@QAE@XZ) already defined in CaseManager.obj
     1>CRM_Project.obj : error LNK2005: "public: __thiscall CustomerService::CustomerService(void)" (??0CustomerService@@QAE@XZ) already defined in CaseManager.obj
     1>CRM_Project.obj : error LNK2005: "public: __thiscall Case::~Case(void)" (??1Case@@QAE@XZ) already defined in CaseManager.obj
     1>CRM_Project.obj : error LNK2005: "public: __thiscall Client::~Client(void)" (??1Client@@QAE@XZ) already defined in CaseManager.obj
     1>CRM_Project.obj : error LNK2005: "public: __thiscall Company::~Company(void)" (??1Company@@QAE@XZ) already defined in CaseManager.obj
     1>CRM_Project.obj : error LNK2005: "public: __thiscall CustomerService::~CustomerService(void)" (??1CustomerService@@QAE@XZ) already defined in CaseManager.obj
     1>CRM_Project.obj : error LNK2005: "public: class std::basic_string<char,struct std::char_traits<char>,class std::allocator<char> > __thiscall Company::get_address(void)" (?get_address@Company@@QAE?AV?$basic_string@DU?$char_traits@D@std@@V?$allocator@D@2@@std@@XZ) already defined in CaseManager.obj
     1>CRM_Project.obj : error LNK2005: "public: class std::basic_string<char,struct std::char_traits<char>,class std::allocator<char> > __thiscall Case::get_caseId(void)" (?get_caseId@Case@@QAE?AV?$basic_string@DU?$char_traits@D@std@@V?$allocator@D@2@@std@@XZ) already defined in CaseManager.obj
     1>CRM_Project.obj : error LNK2005: "public: class std::basic_string<char,struct std::char_traits<char>,class std::allocator<char> > __thiscall Case::get_clientId(void)" (?get_clientId@Case@@QAE?AV?$basic_string@DU?$char_traits@D@std@@V?$allocator@D@2@@std@@XZ) already defined in CaseManager.obj
     1>CRM_Project.obj : error LNK2005: "public: class std::basic_string<char,struct std::char_traits<char>,class std::allocator<char> > __thiscall Client::get_clientId(void)" (?get_clientId@Client@@QAE?AV?$basic_string@DU?$char_traits@D@std@@V?$allocator@D@2@@std@@XZ) already defined in CaseManager.obj
     1>CRM_Project.obj : error LNK2005: "public: class std::basic_string<char,struct std::char_traits<char>,class std::allocator<char> > __thiscall Client::get_companyId(void)" (?get_companyId@Client@@QAE?AV?$basic_string@DU?$char_traits@D@std@@V?$allocator@D@2@@std@@XZ) already defined in CaseManager.obj
     1>CRM_Project.obj : error LNK2005: "public: class std::basic_string<char,struct std::char_traits<char>,class std::allocator<char> > __thiscall Company::get_companyId(void)" (?get_companyId@Company@@QAE?AV?$basic_string@DU?$char_traits@D@std@@V?$allocator@D@2@@std@@XZ) already defined in CaseManager.obj
     1>CRM_Project.obj : error LNK2005: "public: class std::basic_string<char,struct std::char_traits<char>,class std::allocator<char> > __thiscall CustomerService::get_companyId(void)" (?get_companyId@CustomerService@@QAE?AV?$basic_string@DU?$char_traits@D@std@@V?$allocator@D@2@@std@@XZ) already defined in CaseManager.obj
     1>CRM_Project.obj : error LNK2005: "public: class std::basic_string<char,struct std::char_traits<char>,class std::allocator<char> > __thiscall Case::get_details(void)" (?get_details@Case@@QAE?AV?$basic_string@DU?$char_traits@D@std@@V?$allocator@D@2@@std@@XZ) already defined in CaseManager.obj
     1>CRM_Project.obj : error LNK2005: "public: class std::basic_string<char,struct std::char_traits<char>,class std::allocator<char> > __thiscall Client::get_emailAddress(void)" (?get_emailAddress@Client@@QAE?AV?$basic_string@DU?$char_traits@D@std@@V?$allocator@D@2@@std@@XZ) already defined in CaseManager.obj
     1>CRM_Project.obj : error LNK2005: "public: class std::basic_string<char,struct std::char_traits<char>,class std::allocator<char> > __thiscall Client::get_name(void)" (?get_name@Client@@QAE?AV?$basic_string@DU?$char_traits@D@std@@V?$allocator@D@2@@std@@XZ) already defined in CaseManager.obj
     1>CRM_Project.obj : error LNK2005: "public: class std::basic_string<char,struct std::char_traits<char>,class std::allocator<char> > __thiscall Company::get_name(void)" (?get_name@Company@@QAE?AV?$basic_string@DU?$char_traits@D@std@@V?$allocator@D@2@@std@@XZ) already defined in CaseManager.obj
     1>CRM_Project.obj : error LNK2005: "public: class std::basic_string<char,struct std::char_traits<char>,class std::allocator<char> > __thiscall CustomerService::get_name(void)" (?get_name@CustomerService@@QAE?AV?$basic_string@DU?$char_traits@D@std@@V?$allocator@D@2@@std@@XZ) already defined in CaseManager.obj
     1>CRM_Project.obj : error LNK2005: "public: class std::basic_string<char,struct std::char_traits<char>,class std::allocator<char> > __thiscall Client::get_notes(void)" (?get_notes@Client@@QAE?AV?$basic_string@DU?$char_traits@D@std@@V?$allocator@D@2@@std@@XZ) already defined in CaseManager.obj
     1>CRM_Project.obj : error LNK2005: "public: class std::basic_string<char,struct std::char_traits<char>,class std::allocator<char> > __thiscall Client::get_phoneNumber(void)" (?get_phoneNumber@Client@@QAE?AV?$basic_string@DU?$char_traits@D@std@@V?$allocator@D@2@@std@@XZ) already defined in CaseManager.obj
     1>CRM_Project.obj : error LNK2005: "public: class std::basic_string<char,struct std::char_traits<char>,class std::allocator<char> > __thiscall Client::get_physicalAddress(void)" (?get_physicalAddress@Client@@QAE?AV?$basic_string@DU?$char_traits@D@std@@V?$allocator@D@2@@std@@XZ) already defined in CaseManager.obj
     1>CRM_Project.obj : error LNK2005: "public: class std::basic_string<char,struct std::char_traits<char>,class std::allocator<char> > __thiscall Case::get_repId(void)" (?get_repId@Case@@QAE?AV?$basic_string@DU?$char_traits@D@std@@V?$allocator@D@2@@std@@XZ) already defined in CaseManager.obj
     1>CRM_Project.obj : error LNK2005: "public: class std::basic_string<char,struct std::char_traits<char>,class std::allocator<char> > __thiscall CustomerService::get_repId(void)" (?get_repId@CustomerService@@QAE?AV?$basic_string@DU?$char_traits@D@std@@V?$allocator@D@2@@std@@XZ) already defined in CaseManager.obj
     1>CRM_Project.obj : error LNK2005: "public: class std::basic_string<char,struct std::char_traits<char>,class std::allocator<char> > __thiscall Company::get_sector(void)" (?get_sector@Company@@QAE?AV?$basic_string@DU?$char_traits@D@std@@V?$allocator@D@2@@std@@XZ) already defined in CaseManager.obj
     1>CRM_Project.obj : error LNK2005: "public: class std::basic_string<char,struct std::char_traits<char>,class std::allocator<char> > __thiscall Client::get_title(void)" (?get_title@Client@@QAE?AV?$basic_string@DU?$char_traits@D@std@@V?$allocator@D@2@@std@@XZ) already defined in CaseManager.obj
     1>CRM_Project.obj : error LNK2005: "public: class std::basic_string<char,struct std::char_traits<char>,class std::allocator<char> > __thiscall Case::get_type(void)" (?get_type@Case@@QAE?AV?$basic_string@DU?$char_traits@D@std@@V?$allocator@D@2@@std@@XZ) already defined in CaseManager.obj
     1>CRM_Project.obj : error LNK2005: "public: void __thiscall Company::set_address(class std::basic_string<char,struct std::char_traits<char>,class std::allocator<char> >)" (?set_address@Company@@QAEXV?$basic_string@DU?$char_traits@D@std@@V?$allocator@D@2@@std@@@Z) already defined in CaseManager.obj
     1>CRM_Project.obj : error LNK2005: "public: void __thiscall Case::set_caseId(class std::basic_string<char,struct std::char_traits<char>,class std::allocator<char> >)" (?set_caseId@Case@@QAEXV?$basic_string@DU?$char_traits@D@std@@V?$allocator@D@2@@std@@@Z) already defined in CaseManager.obj
     1>CRM_Project.obj : error LNK2005: "public: void __thiscall Case::set_clientId(class std::basic_string<char,struct std::char_traits<char>,class std::allocator<char> >)" (?set_clientId@Case@@QAEXV?$basic_string@DU?$char_traits@D@std@@V?$allocator@D@2@@std@@@Z) already defined in CaseManager.obj
     1>CRM_Project.obj : error LNK2005: "public: void __thiscall Client::set_clientId(class std::basic_string<char,struct std::char_traits<char>,class std::allocator<char> >)" (?set_clientId@Client@@QAEXV?$basic_string@DU?$char_traits@D@std@@V?$allocator@D@2@@std@@@Z) already defined in CaseManager.obj
     1>CRM_Project.obj : error LNK2005: "public: void __thiscall Client::set_companyId(class std::basic_string<char,struct std::char_traits<char>,class std::allocator<char> >)" (?set_companyId@Client@@QAEXV?$basic_string@DU?$char_traits@D@std@@V?$allocator@D@2@@std@@@Z) already defined in CaseManager.obj
     1>CRM_Project.obj : error LNK2005: "public: void __thiscall Company::set_companyId(class std::basic_string<char,struct std::char_traits<char>,class std::allocator<char> >)" (?set_companyId@Company@@QAEXV?$basic_string@DU?$char_traits@D@std@@V?$allocator@D@2@@std@@@Z) already defined in CaseManager.obj
     1>CRM_Project.obj : error LNK2005: "public: void __thiscall CustomerService::set_companyId(class std::basic_string<char,struct std::char_traits<char>,class std::allocator<char> >)" (?set_companyId@CustomerService@@QAEXV?$basic_string@DU?$char_traits@D@std@@V?$allocator@D@2@@std@@@Z) already defined in CaseManager.obj
     1>CRM_Project.obj : error LNK2005: "public: void __thiscall Case::set_details(class std::basic_string<char,struct std::char_traits<char>,class std::allocator<char> >)" (?set_details@Case@@QAEXV?$basic_string@DU?$char_traits@D@std@@V?$allocator@D@2@@std@@@Z) already defined in CaseManager.obj
     1>CRM_Project.obj : error LNK2005: "public: void __thiscall Client::set_emailAddress(class std::basic_string<char,struct std::char_traits<char>,class std::allocator<char> >)" (?set_emailAddress@Client@@QAEXV?$basic_string@DU?$char_traits@D@std@@V?$allocator@D@2@@std@@@Z) already defined in CaseManager.obj
     1>CRM_Project.obj : error LNK2005: "public: void __thiscall Client::set_name(class std::basic_string<char,struct std::char_traits<char>,class std::allocator<char> >)" (?set_name@Client@@QAEXV?$basic_string@DU?$char_traits@D@std@@V?$allocator@D@2@@std@@@Z) already defined in CaseManager.obj
     1>CRM_Project.obj : error LNK2005: "public: void __thiscall Company::set_name(class std::basic_string<char,struct std::char_traits<char>,class std::allocator<char> >)" (?set_name@Company@@QAEXV?$basic_string@DU?$char_traits@D@std@@V?$allocator@D@2@@std@@@Z) already defined in CaseManager.obj
     1>CRM_Project.obj : error LNK2005: "public: void __thiscall CustomerService::set_name(class std::basic_string<char,struct std::char_traits<char>,class std::allocator<char> >)" (?set_name@CustomerService@@QAEXV?$basic_string@DU?$char_traits@D@std@@V?$allocator@D@2@@std@@@Z) already defined in CaseManager.obj
     1>CRM_Project.obj : error LNK2005: "public: void __thiscall Client::set_notes(class std::basic_string<char,struct std::char_traits<char>,class std::allocator<char> >)" (?set_notes@Client@@QAEXV?$basic_string@DU?$char_traits@D@std@@V?$allocator@D@2@@std@@@Z) already defined in CaseManager.obj
     1>CRM_Project.obj : error LNK2005: "public: void __thiscall Client::set_phoneNumber(class std::basic_string<char,struct std::char_traits<char>,class std::allocator<char> >)" (?set_phoneNumber@Client@@QAEXV?$basic_string@DU?$char_traits@D@std@@V?$allocator@D@2@@std@@@Z) already defined in CaseManager.obj
     1>CRM_Project.obj : error LNK2005: "public: void __thiscall Client::set_physicalAddress(class std::basic_string<char,struct std::char_traits<char>,class std::allocator<char> >)" (?set_physicalAddress@Client@@QAEXV?$basic_string@DU?$char_traits@D@std@@V?$allocator@D@2@@std@@@Z) already defined in CaseManager.obj
     1>CRM_Project.obj : error LNK2005: "public: void __thiscall Case::set_repId(class std::basic_string<char,struct std::char_traits<char>,class std::allocator<char> >)" (?set_repId@Case@@QAEXV?$basic_string@DU?$char_traits@D@std@@V?$allocator@D@2@@std@@@Z) already defined in CaseManager.obj
     1>CRM_Project.obj : error LNK2005: "public: void __thiscall CustomerService::set_repId(class std::basic_string<char,struct std::char_traits<char>,class std::allocator<char> >)" (?set_repId@CustomerService@@QAEXV?$basic_string@DU?$char_traits@D@std@@V?$allocator@D@2@@std@@@Z) already defined in CaseManager.obj
     1>CRM_Project.obj : error LNK2005: "public: void __thiscall Company::set_sector(class std::basic_string<char,struct std::char_traits<char>,class std::allocator<char> >)" (?set_sector@Company@@QAEXV?$basic_string@DU?$char_traits@D@std@@V?$allocator@D@2@@std@@@Z) already defined in CaseManager.obj
     1>CRM_Project.obj : error LNK2005: "public: void __thiscall Client::set_title(class std::basic_string<char,struct std::char_traits<char>,class std::allocator<char> >)" (?set_title@Client@@QAEXV?$basic_string@DU?$char_traits@D@std@@V?$allocator@D@2@@std@@@Z) already defined in CaseManager.obj
     1>CRM_Project.obj : error LNK2005: "public: void __thiscall Case::set_type(class std::basic_string<char,struct std::char_traits<char>,class std::allocator<char> >)" (?set_type@Case@@QAEXV?$basic_string@DU?$char_traits@D@std@@V?$allocator@D@2@@std@@@Z) already defined in CaseManager.obj
     1>CustomerServiceManager.obj : error LNK2005: "public: __thiscall Case::Case(void)" (??0Case@@QAE@XZ) already defined in CaseManager.obj
     1>CustomerServiceManager.obj : error LNK2005: "public: __thiscall Client::Client(void)" (??0Client@@QAE@XZ) already defined in CaseManager.obj
     1>CustomerServiceManager.obj : error LNK2005: "public: __thiscall Company::Company(void)" (??0Company@@QAE@XZ) already defined in CaseManager.obj
     1>CustomerServiceManager.obj : error LNK2005: "public: __thiscall CustomerService::CustomerService(void)" (??0CustomerService@@QAE@XZ) already defined in CaseManager.obj
     1>CustomerServiceManager.obj : error LNK2005: "public: __thiscall Case::~Case(void)" (??1Case@@QAE@XZ) already defined in CaseManager.obj
     1>CustomerServiceManager.obj : error LNK2005: "public: __thiscall Client::~Client(void)" (??1Client@@QAE@XZ) already defined in CaseManager.obj
     1>CustomerServiceManager.obj : error LNK2005: "public: __thiscall Company::~Company(void)" (??1Company@@QAE@XZ) already defined in CaseManager.obj
     1>CustomerServiceManager.obj : error LNK2005: "public: __thiscall CustomerService::~CustomerService(void)" (??1CustomerService@@QAE@XZ) already defined in CaseManager.obj
     1>CustomerServiceManager.obj : error LNK2005: "public: class std::basic_string<char,struct std::char_traits<char>,class std::allocator<char> > __thiscall Company::get_address(void)" (?get_address@Company@@QAE?AV?$basic_string@DU?$char_traits@D@std@@V?$allocator@D@2@@std@@XZ) already defined in CaseManager.obj
     1>CustomerServiceManager.obj : error LNK2005: "public: class std::basic_string<char,struct std::char_traits<char>,class std::allocator<char> > __thiscall Case::get_caseId(void)" (?get_caseId@Case@@QAE?AV?$basic_string@DU?$char_traits@D@std@@V?$allocator@D@2@@std@@XZ) already defined in CaseManager.obj
     1>CustomerServiceManager.obj : error LNK2005: "public: class std::basic_string<char,struct std::char_traits<char>,class std::allocator<char> > __thiscall Case::get_clientId(void)" (?get_clientId@Case@@QAE?AV?$basic_string@DU?$char_traits@D@std@@V?$allocator@D@2@@std@@XZ) already defined in CaseManager.obj
     1>CustomerServiceManager.obj : error LNK2005: "public: class std::basic_string<char,struct std::char_traits<char>,class std::allocator<char> > __thiscall Client::get_clientId(void)" (?get_clientId@Client@@QAE?AV?$basic_string@DU?$char_traits@D@std@@V?$allocator@D@2@@std@@XZ) already defined in CaseManager.obj
     1>CustomerServiceManager.obj : error LNK2005: "public: class std::basic_string<char,struct std::char_traits<char>,class std::allocator<char> > __thiscall Client::get_companyId(void)" (?get_companyId@Client@@QAE?AV?$basic_string@DU?$char_traits@D@std@@V?$allocator@D@2@@std@@XZ) already defined in CaseManager.obj
     1>CustomerServiceManager.obj : error LNK2005: "public: class std::basic_string<char,struct std::char_traits<char>,class std::allocator<char> > __thiscall Company::get_companyId(void)" (?get_companyId@Company@@QAE?AV?$basic_string@DU?$char_traits@D@std@@V?$allocator@D@2@@std@@XZ) already defined in CaseManager.obj
     1>CustomerServiceManager.obj : error LNK2005: "public: class std::basic_string<char,struct std::char_traits<char>,class std::allocator<char> > __thiscall CustomerService::get_companyId(void)" (?get_companyId@CustomerService@@QAE?AV?$basic_string@DU?$char_traits@D@std@@V?$allocator@D@2@@std@@XZ) already defined in CaseManager.obj
     1>CustomerServiceManager.obj : error LNK2005: "public: class std::basic_string<char,struct std::char_traits<char>,class std::allocator<char> > __thiscall Case::get_details(void)" (?get_details@Case@@QAE?AV?$basic_string@DU?$char_traits@D@std@@V?$allocator@D@2@@std@@XZ) already defined in CaseManager.obj
     1>CustomerServiceManager.obj : error LNK2005: "public: class std::basic_string<char,struct std::char_traits<char>,class std::allocator<char> > __thiscall Client::get_emailAddress(void)" (?get_emailAddress@Client@@QAE?AV?$basic_string@DU?$char_traits@D@std@@V?$allocator@D@2@@std@@XZ) already defined in CaseManager.obj
     1>CustomerServiceManager.obj : error LNK2005: "public: class std::basic_string<char,struct std::char_traits<char>,class std::allocator<char> > __thiscall Client::get_name(void)" (?get_name@Client@@QAE?AV?$basic_string@DU?$char_traits@D@std@@V?$allocator@D@2@@std@@XZ) already defined in CaseManager.obj
     1>CustomerServiceManager.obj : error LNK2005: "public: class std::basic_string<char,struct std::char_traits<char>,class std::allocator<char> > __thiscall Company::get_name(void)" (?get_name@Company@@QAE?AV?$basic_string@DU?$char_traits@D@std@@V?$allocator@D@2@@std@@XZ) already defined in CaseManager.obj
     1>CustomerServiceManager.obj : error LNK2005: "public: class std::basic_string<char,struct std::char_traits<char>,class std::allocator<char> > __thiscall CustomerService::get_name(void)" (?get_name@CustomerService@@QAE?AV?$basic_string@DU?$char_traits@D@std@@V?$allocator@D@2@@std@@XZ) already defined in CaseManager.obj
     1>CustomerServiceManager.obj : error LNK2005: "public: class std::basic_string<char,struct std::char_traits<char>,class std::allocator<char> > __thiscall Client::get_notes(void)" (?get_notes@Client@@QAE?AV?$basic_string@DU?$char_traits@D@std@@V?$allocator@D@2@@std@@XZ) already defined in CaseManager.obj
     1>CustomerServiceManager.obj : error LNK2005: "public: class std::basic_string<char,struct std::char_traits<char>,class std::allocator<char> > __thiscall Client::get_phoneNumber(void)" (?get_phoneNumber@Client@@QAE?AV?$basic_string@DU?$char_traits@D@std@@V?$allocator@D@2@@std@@XZ) already defined in CaseManager.obj
     1>CustomerServiceManager.obj : error LNK2005: "public: class std::basic_string<char,struct std::char_traits<char>,class std::allocator<char> > __thiscall Client::get_physicalAddress(void)" (?get_physicalAddress@Client@@QAE?AV?$basic_string@DU?$char_traits@D@std@@V?$allocator@D@2@@std@@XZ) already defined in CaseManager.obj
     1>CustomerServiceManager.obj : error LNK2005: "public: class std::basic_string<char,struct std::char_traits<char>,class std::allocator<char> > __thiscall Case::get_repId(void)" (?get_repId@Case@@QAE?AV?$basic_string@DU?$char_traits@D@std@@V?$allocator@D@2@@std@@XZ) already defined in CaseManager.obj
     1>CustomerServiceManager.obj : error LNK2005: "public: class std::basic_string<char,struct std::char_traits<char>,class std::allocator<char> > __thiscall CustomerService::get_repId(void)" (?get_repId@CustomerService@@QAE?AV?$basic_string@DU?$char_traits@D@std@@V?$allocator@D@2@@std@@XZ) already defined in CaseManager.obj
     1>CustomerServiceManager.obj : error LNK2005: "public: class std::basic_string<char,struct std::char_traits<char>,class std::allocator<char> > __thiscall Company::get_sector(void)" (?get_sector@Company@@QAE?AV?$basic_string@DU?$char_traits@D@std@@V?$allocator@D@2@@std@@XZ) already defined in CaseManager.obj
     1>CustomerServiceManager.obj : error LNK2005: "public: class std::basic_string<char,struct std::char_traits<char>,class std::allocator<char> > __thiscall Client::get_title(void)" (?get_title@Client@@QAE?AV?$basic_string@DU?$char_traits@D@std@@V?$allocator@D@2@@std@@XZ) already defined in CaseManager.obj
     1>CustomerServiceManager.obj : error LNK2005: "public: class std::basic_string<char,struct std::char_traits<char>,class std::allocator<char> > __thiscall Case::get_type(void)" (?get_type@Case@@QAE?AV?$basic_string@DU?$char_traits@D@std@@V?$allocator@D@2@@std@@XZ) already defined in CaseManager.obj
     1>CustomerServiceManager.obj : error LNK2005: "public: void __thiscall Company::set_address(class std::basic_string<char,struct std::char_traits<char>,class std::allocator<char> >)" (?set_address@Company@@QAEXV?$basic_string@DU?$char_traits@D@std@@V?$allocator@D@2@@std@@@Z) already defined in CaseManager.obj
     1>CustomerServiceManager.obj : error LNK2005: "public: void __thiscall Case::set_caseId(class std::basic_string<char,struct std::char_traits<char>,class std::allocator<char> >)" (?set_caseId@Case@@QAEXV?$basic_string@DU?$char_traits@D@std@@V?$allocator@D@2@@std@@@Z) already defined in CaseManager.obj
     1>CustomerServiceManager.obj : error LNK2005: "public: void __thiscall Case::set_clientId(class std::basic_string<char,struct std::char_traits<char>,class std::allocator<char> >)" (?set_clientId@Case@@QAEXV?$basic_string@DU?$char_traits@D@std@@V?$allocator@D@2@@std@@@Z) already defined in CaseManager.obj
     1>CustomerServiceManager.obj : error LNK2005: "public: void __thiscall Client::set_clientId(class std::basic_string<char,struct std::char_traits<char>,class std::allocator<char> >)" (?set_clientId@Client@@QAEXV?$basic_string@DU?$char_traits@D@std@@V?$allocator@D@2@@std@@@Z) already defined in CaseManager.obj
     1>CustomerServiceManager.obj : error LNK2005: "public: void __thiscall Client::set_companyId(class std::basic_string<char,struct std::char_traits<char>,class std::allocator<char> >)" (?set_companyId@Client@@QAEXV?$basic_string@DU?$char_traits@D@std@@V?$allocator@D@2@@std@@@Z) already defined in CaseManager.obj
     1>CustomerServiceManager.obj : error LNK2005: "public: void __thiscall Company::set_companyId(class std::basic_string<char,struct std::char_traits<char>,class std::allocator<char> >)" (?set_companyId@Company@@QAEXV?$basic_string@DU?$char_traits@D@std@@V?$allocator@D@2@@std@@@Z) already defined in CaseManager.obj
     1>CustomerServiceManager.obj : error LNK2005: "public: void __thiscall CustomerService::set_companyId(class std::basic_string<char,struct std::char_traits<char>,class std::allocator<char> >)" (?set_companyId@CustomerService@@QAEXV?$basic_string@DU?$char_traits@D@std@@V?$allocator@D@2@@std@@@Z) already defined in CaseManager.obj
     1>CustomerServiceManager.obj : error LNK2005: "public: void __thiscall Case::set_details(class std::basic_string<char,struct std::char_traits<char>,class std::allocator<char> >)" (?set_details@Case@@QAEXV?$basic_string@DU?$char_traits@D@std@@V?$allocator@D@2@@std@@@Z) already defined in CaseManager.obj
     1>CustomerServiceManager.obj : error LNK2005: "public: void __thiscall Client::set_emailAddress(class std::basic_string<char,struct std::char_traits<char>,class std::allocator<char> >)" (?set_emailAddress@Client@@QAEXV?$basic_string@DU?$char_traits@D@std@@V?$allocator@D@2@@std@@@Z) already defined in CaseManager.obj
     1>CustomerServiceManager.obj : error LNK2005: "public: void __thiscall Client::set_name(class std::basic_string<char,struct std::char_traits<char>,class std::allocator<char> >)" (?set_name@Client@@QAEXV?$basic_string@DU?$char_traits@D@std@@V?$allocator@D@2@@std@@@Z) already defined in CaseManager.obj
     1>CustomerServiceManager.obj : error LNK2005: "public: void __thiscall Company::set_name(class std::basic_string<char,struct std::char_traits<char>,class std::allocator<char> >)" (?set_name@Company@@QAEXV?$basic_string@DU?$char_traits@D@std@@V?$allocator@D@2@@std@@@Z) already defined in CaseManager.obj
     1>CustomerServiceManager.obj : error LNK2005: "public: void __thiscall CustomerService::set_name(class std::basic_string<char,struct std::char_traits<char>,class std::allocator<char> >)" (?set_name@CustomerService@@QAEXV?$basic_string@DU?$char_traits@D@std@@V?$allocator@D@2@@std@@@Z) already defined in CaseManager.obj
     1>CustomerServiceManager.obj : error LNK2005: "public: void __thiscall Client::set_notes(class std::basic_string<char,struct std::char_traits<char>,class std::allocator<char> >)" (?set_notes@Client@@QAEXV?$basic_string@DU?$char_traits@D@std@@V?$allocator@D@2@@std@@@Z) already defined in CaseManager.obj
     1>CustomerServiceManager.obj : error LNK2005: "public: void __thiscall Client::set_phoneNumber(class std::basic_string<char,struct std::char_traits<char>,class std::allocator<char> >)" (?set_phoneNumber@Client@@QAEXV?$basic_string@DU?$char_traits@D@std@@V?$allocator@D@2@@std@@@Z) already defined in CaseManager.obj
     1>CustomerServiceManager.obj : error LNK2005: "public: void __thiscall Client::set_physicalAddress(class std::basic_string<char,struct std::char_traits<char>,class std::allocator<char> >)" (?set_physicalAddress@Client@@QAEXV?$basic_string@DU?$char_traits@D@std@@V?$allocator@D@2@@std@@@Z) already defined in CaseManager.obj
     1>CustomerServiceManager.obj : error LNK2005: "public: void __thiscall Case::set_repId(class std::basic_string<char,struct std::char_traits<char>,class std::allocator<char> >)" (?set_repId@Case@@QAEXV?$basic_string@DU?$char_traits@D@std@@V?$allocator@D@2@@std@@@Z) already defined in CaseManager.obj
     1>CustomerServiceManager.obj : error LNK2005: "public: void __thiscall CustomerService::set_repId(class std::basic_string<char,struct std::char_traits<char>,class std::allocator<char> >)" (?set_repId@CustomerService@@QAEXV?$basic_string@DU?$char_traits@D@std@@V?$allocator@D@2@@std@@@Z) already defined in CaseManager.obj
     1>CustomerServiceManager.obj : error LNK2005: "public: void __thiscall Company::set_sector(class std::basic_string<char,struct std::char_traits<char>,class std::allocator<char> >)" (?set_sector@Company@@QAEXV?$basic_string@DU?$char_traits@D@std@@V?$allocator@D@2@@std@@@Z) already defined in CaseManager.obj
     1>CustomerServiceManager.obj : error LNK2005: "public: void __thiscall Client::set_title(class std::basic_string<char,struct std::char_traits<char>,class std::allocator<char> >)" (?set_title@Client@@QAEXV?$basic_string@DU?$char_traits@D@std@@V?$allocator@D@2@@std@@@Z) already defined in CaseManager.obj
     1>CustomerServiceManager.obj : error LNK2005: "public: void __thiscall Case::set_type(class std::basic_string<char,struct std::char_traits<char>,class std::allocator<char> >)" (?set_type@Case@@QAEXV?$basic_string@DU?$char_traits@D@std@@V?$allocator@D@2@@std@@@Z) already defined in CaseManager.obj
     1>DBManager.obj : error LNK2005: "public: __thiscall Case::Case(void)" (??0Case@@QAE@XZ) already defined in CaseManager.obj
     1>DBManager.obj : error LNK2005: "public: __thiscall Client::Client(void)" (??0Client@@QAE@XZ) already defined in CaseManager.obj
     1>DBManager.obj : error LNK2005: "public: __thiscall Company::Company(void)" (??0Company@@QAE@XZ) already defined in CaseManager.obj
     1>DBManager.obj : error LNK2005: "public: __thiscall CustomerService::CustomerService(void)" (??0CustomerService@@QAE@XZ) already defined in CaseManager.obj
     1>DBManager.obj : error LNK2005: "public: __thiscall Case::~Case(void)" (??1Case@@QAE@XZ) already defined in CaseManager.obj
     1>DBManager.obj : error LNK2005: "public: __thiscall Client::~Client(void)" (??1Client@@QAE@XZ) already defined in CaseManager.obj
     1>DBManager.obj : error LNK2005: "public: __thiscall Company::~Company(void)" (??1Company@@QAE@XZ) already defined in CaseManager.obj
     1>DBManager.obj : error LNK2005: "public: __thiscall CustomerService::~CustomerService(void)" (??1CustomerService@@QAE@XZ) already defined in CaseManager.obj
     1>DBManager.obj : error LNK2005: "public: class std::basic_string<char,struct std::char_traits<char>,class std::allocator<char> > __thiscall Company::get_address(void)" (?get_address@Company@@QAE?AV?$basic_string@DU?$char_traits@D@std@@V?$allocator@D@2@@std@@XZ) already defined in CaseManager.obj
     1>DBManager.obj : error LNK2005: "public: class std::basic_string<char,struct std::char_traits<char>,class std::allocator<char> > __thiscall Case::get_caseId(void)" (?get_caseId@Case@@QAE?AV?$basic_string@DU?$char_traits@D@std@@V?$allocator@D@2@@std@@XZ) already defined in CaseManager.obj
     1>DBManager.obj : error LNK2005: "public: class std::basic_string<char,struct std::char_traits<char>,class std::allocator<char> > __thiscall Case::get_clientId(void)" (?get_clientId@Case@@QAE?AV?$basic_string@DU?$char_traits@D@std@@V?$allocator@D@2@@std@@XZ) already defined in CaseManager.obj
     1>DBManager.obj : error LNK2005: "public: class std::basic_string<char,struct std::char_traits<char>,class std::allocator<char> > __thiscall Client::get_clientId(void)" (?get_clientId@Client@@QAE?AV?$basic_string@DU?$char_traits@D@std@@V?$allocator@D@2@@std@@XZ) already defined in CaseManager.obj
     1>DBManager.obj : error LNK2005: "public: class std::basic_string<char,struct std::char_traits<char>,class std::allocator<char> > __thiscall Client::get_companyId(void)" (?get_companyId@Client@@QAE?AV?$basic_string@DU?$char_traits@D@std@@V?$allocator@D@2@@std@@XZ) already defined in CaseManager.obj
     1>DBManager.obj : error LNK2005: "public: class std::basic_string<char,struct std::char_traits<char>,class std::allocator<char> > __thiscall Company::get_companyId(void)" (?get_companyId@Company@@QAE?AV?$basic_string@DU?$char_traits@D@std@@V?$allocator@D@2@@std@@XZ) already defined in CaseManager.obj
     1>DBManager.obj : error LNK2005: "public: class std::basic_string<char,struct std::char_traits<char>,class std::allocator<char> > __thiscall CustomerService::get_companyId(void)" (?get_companyId@CustomerService@@QAE?AV?$basic_string@DU?$char_traits@D@std@@V?$allocator@D@2@@std@@XZ) already defined in CaseManager.obj
     1>DBManager.obj : error LNK2005: "public: class std::basic_string<char,struct std::char_traits<char>,class std::allocator<char> > __thiscall Case::get_details(void)" (?get_details@Case@@QAE?AV?$basic_string@DU?$char_traits@D@std@@V?$allocator@D@2@@std@@XZ) already defined in CaseManager.obj
     1>DBManager.obj : error LNK2005: "public: class std::basic_string<char,struct std::char_traits<char>,class std::allocator<char> > __thiscall Client::get_emailAddress(void)" (?get_emailAddress@Client@@QAE?AV?$basic_string@DU?$char_traits@D@std@@V?$allocator@D@2@@std@@XZ) already defined in CaseManager.obj
     1>DBManager.obj : error LNK2005: "public: class std::basic_string<char,struct std::char_traits<char>,class std::allocator<char> > __thiscall Client::get_name(void)" (?get_name@Client@@QAE?AV?$basic_string@DU?$char_traits@D@std@@V?$allocator@D@2@@std@@XZ) already defined in CaseManager.obj
     1>DBManager.obj : error LNK2005: "public: class std::basic_string<char,struct std::char_traits<char>,class std::allocator<char> > __thiscall Company::get_name(void)" (?get_name@Company@@QAE?AV?$basic_string@DU?$char_traits@D@std@@V?$allocator@D@2@@std@@XZ) already defined in CaseManager.obj
     1>DBManager.obj : error LNK2005: "public: class std::basic_string<char,struct std::char_traits<char>,class std::allocator<char> > __thiscall CustomerService::get_name(void)" (?get_name@CustomerService@@QAE?AV?$basic_string@DU?$char_traits@D@std@@V?$allocator@D@2@@std@@XZ) already defined in CaseManager.obj
     1>DBManager.obj : error LNK2005: "public: class std::basic_string<char,struct std::char_traits<char>,class std::allocator<char> > __thiscall Client::get_notes(void)" (?get_notes@Client@@QAE?AV?$basic_string@DU?$char_traits@D@std@@V?$allocator@D@2@@std@@XZ) already defined in CaseManager.obj
     1>DBManager.obj : error LNK2005: "public: class std::basic_string<char,struct std::char_traits<char>,class std::allocator<char> > __thiscall Client::get_phoneNumber(void)" (?get_phoneNumber@Client@@QAE?AV?$basic_string@DU?$char_traits@D@std@@V?$allocator@D@2@@std@@XZ) already defined in CaseManager.obj
     1>DBManager.obj : error LNK2005: "public: class std::basic_string<char,struct std::char_traits<char>,class std::allocator<char> > __thiscall Client::get_physicalAddress(void)" (?get_physicalAddress@Client@@QAE?AV?$basic_string@DU?$char_traits@D@std@@V?$allocator@D@2@@std@@XZ) already defined in CaseManager.obj
     1>DBManager.obj : error LNK2005: "public: class std::basic_string<char,struct std::char_traits<char>,class std::allocator<char> > __thiscall Case::get_repId(void)" (?get_repId@Case@@QAE?AV?$basic_string@DU?$char_traits@D@std@@V?$allocator@D@2@@std@@XZ) already defined in CaseManager.obj
     1>DBManager.obj : error LNK2005: "public: class std::basic_string<char,struct std::char_traits<char>,class std::allocator<char> > __thiscall CustomerService::get_repId(void)" (?get_repId@CustomerService@@QAE?AV?$basic_string@DU?$char_traits@D@std@@V?$allocator@D@2@@std@@XZ) already defined in CaseManager.obj
     1>DBManager.obj : error LNK2005: "public: class std::basic_string<char,struct std::char_traits<char>,class std::allocator<char> > __thiscall Company::get_sector(void)" (?get_sector@Company@@QAE?AV?$basic_string@DU?$char_traits@D@std@@V?$allocator@D@2@@std@@XZ) already defined in CaseManager.obj
     1>DBManager.obj : error LNK2005: "public: class std::basic_string<char,struct std::char_traits<char>,class std::allocator<char> > __thiscall Client::get_title(void)" (?get_title@Client@@QAE?AV?$basic_string@DU?$char_traits@D@std@@V?$allocator@D@2@@std@@XZ) already defined in CaseManager.obj
     1>DBManager.obj : error LNK2005: "public: class std::basic_string<char,struct std::char_traits<char>,class std::allocator<char> > __thiscall Case::get_type(void)" (?get_type@Case@@QAE?AV?$basic_string@DU?$char_traits@D@std@@V?$allocator@D@2@@std@@XZ) already defined in CaseManager.obj
     1>DBManager.obj : error LNK2005: "public: void __thiscall Company::set_address(class std::basic_string<char,struct std::char_traits<char>,class std::allocator<char> >)" (?set_address@Company@@QAEXV?$basic_string@DU?$char_traits@D@std@@V?$allocator@D@2@@std@@@Z) already defined in CaseManager.obj
     1>DBManager.obj : error LNK2005: "public: void __thiscall Case::set_caseId(class std::basic_string<char,struct std::char_traits<char>,class std::allocator<char> >)" (?set_caseId@Case@@QAEXV?$basic_string@DU?$char_traits@D@std@@V?$allocator@D@2@@std@@@Z) already defined in CaseManager.obj
     1>DBManager.obj : error LNK2005: "public: void __thiscall Case::set_clientId(class std::basic_string<char,struct std::char_traits<char>,class std::allocator<char> >)" (?set_clientId@Case@@QAEXV?$basic_string@DU?$char_traits@D@std@@V?$allocator@D@2@@std@@@Z) already defined in CaseManager.obj
     1>DBManager.obj : error LNK2005: "public: void __thiscall Client::set_clientId(class std::basic_string<char,struct std::char_traits<char>,class std::allocator<char> >)" (?set_clientId@Client@@QAEXV?$basic_string@DU?$char_traits@D@std@@V?$allocator@D@2@@std@@@Z) already defined in CaseManager.obj
     1>DBManager.obj : error LNK2005: "public: void __thiscall Client::set_companyId(class std::basic_string<char,struct std::char_traits<char>,class std::allocator<char> >)" (?set_companyId@Client@@QAEXV?$basic_string@DU?$char_traits@D@std@@V?$allocator@D@2@@std@@@Z) already defined in CaseManager.obj
     1>DBManager.obj : error LNK2005: "public: void __thiscall Company::set_companyId(class std::basic_string<char,struct std::char_traits<char>,class std::allocator<char> >)" (?set_companyId@Company@@QAEXV?$basic_string@DU?$char_traits@D@std@@V?$allocator@D@2@@std@@@Z) already defined in CaseManager.obj
     1>DBManager.obj : error LNK2005: "public: void __thiscall CustomerService::set_companyId(class std::basic_string<char,struct std::char_traits<char>,class std::allocator<char> >)" (?set_companyId@CustomerService@@QAEXV?$basic_string@DU?$char_traits@D@std@@V?$allocator@D@2@@std@@@Z) already defined in CaseManager.obj
     1>DBManager.obj : error LNK2005: "public: void __thiscall Case::set_details(class std::basic_string<char,struct std::char_traits<char>,class std::allocator<char> >)" (?set_details@Case@@QAEXV?$basic_string@DU?$char_traits@D@std@@V?$allocator@D@2@@std@@@Z) already defined in CaseManager.obj
     1>DBManager.obj : error LNK2005: "public: void __thiscall Client::set_emailAddress(class std::basic_string<char,struct std::char_traits<char>,class std::allocator<char> >)" (?set_emailAddress@Client@@QAEXV?$basic_string@DU?$char_traits@D@std@@V?$allocator@D@2@@std@@@Z) already defined in CaseManager.obj
     1>DBManager.obj : error LNK2005: "public: void __thiscall Client::set_name(class std::basic_string<char,struct std::char_traits<char>,class std::allocator<char> >)" (?set_name@Client@@QAEXV?$basic_string@DU?$char_traits@D@std@@V?$allocator@D@2@@std@@@Z) already defined in CaseManager.obj
     1>DBManager.obj : error LNK2005: "public: void __thiscall Company::set_name(class std::basic_string<char,struct std::char_traits<char>,class std::allocator<char> >)" (?set_name@Company@@QAEXV?$basic_string@DU?$char_traits@D@std@@V?$allocator@D@2@@std@@@Z) already defined in CaseManager.obj
     1>DBManager.obj : error LNK2005: "public: void __thiscall CustomerService::set_name(class std::basic_string<char,struct std::char_traits<char>,class std::allocator<char> >)" (?set_name@CustomerService@@QAEXV?$basic_string@DU?$char_traits@D@std@@V?$allocator@D@2@@std@@@Z) already defined in CaseManager.obj
     1>DBManager.obj : error LNK2005: "public: void __thiscall Client::set_notes(class std::basic_string<char,struct std::char_traits<char>,class std::allocator<char> >)" (?set_notes@Client@@QAEXV?$basic_string@DU?$char_traits@D@std@@V?$allocator@D@2@@std@@@Z) already defined in CaseManager.obj
     1>DBManager.obj : error LNK2005: "public: void __thiscall Client::set_phoneNumber(class std::basic_string<char,struct std::char_traits<char>,class std::allocator<char> >)" (?set_phoneNumber@Client@@QAEXV?$basic_string@DU?$char_traits@D@std@@V?$allocator@D@2@@std@@@Z) already defined in CaseManager.obj
     1>DBManager.obj : error LNK2005: "public: void __thiscall Client::set_physicalAddress(class std::basic_string<char,struct std::char_traits<char>,class std::allocator<char> >)" (?set_physicalAddress@Client@@QAEXV?$basic_string@DU?$char_traits@D@std@@V?$allocator@D@2@@std@@@Z) already defined in CaseManager.obj
     1>DBManager.obj : error LNK2005: "public: void __thiscall Case::set_repId(class std::basic_string<char,struct std::char_traits<char>,class std::allocator<char> >)" (?set_repId@Case@@QAEXV?$basic_string@DU?$char_traits@D@std@@V?$allocator@D@2@@std@@@Z) already defined in CaseManager.obj
     1>DBManager.obj : error LNK2005: "public: void __thiscall CustomerService::set_repId(class std::basic_string<char,struct std::char_traits<char>,class std::allocator<char> >)" (?set_repId@CustomerService@@QAEXV?$basic_string@DU?$char_traits@D@std@@V?$allocator@D@2@@std@@@Z) already defined in CaseManager.obj
     1>DBManager.obj : error LNK2005: "public: void __thiscall Company::set_sector(class std::basic_string<char,struct std::char_traits<char>,class std::allocator<char> >)" (?set_sector@Company@@QAEXV?$basic_string@DU?$char_traits@D@std@@V?$allocator@D@2@@std@@@Z) already defined in CaseManager.obj
     1>DBManager.obj : error LNK2005: "public: void __thiscall Client::set_title(class std::basic_string<char,struct std::char_traits<char>,class std::allocator<char> >)" (?set_title@Client@@QAEXV?$basic_string@DU?$char_traits@D@std@@V?$allocator@D@2@@std@@@Z) already defined in CaseManager.obj
     1>DBManager.obj : error LNK2005: "public: void __thiscall Case::set_type(class std::basic_string<char,struct std::char_traits<char>,class std::allocator<char> >)" (?set_type@Case@@QAEXV?$basic_string@DU?$char_traits@D@std@@V?$allocator@D@2@@std@@@Z) already defined in CaseManager.obj
     1>DBManager.obj : error LNK2019: unresolved external symbol _sqlite3_close referenced in function "public: __thiscall DBManager::~DBManager(void)" (??1DBManager@@QAE@XZ)
     1>DBManager.obj : error LNK2019: unresolved external symbol _sqlite3_exec referenced in function "public: static class Case __cdecl DBManager::GetCase(class std::basic_string<char,struct std::char_traits<char>,class std::allocator<char> >)" (?GetCase@DBManager@@SA?AVCase@@V?$basic_string@DU?$char_traits@D@std@@V?$allocator@D@2@@std@@@Z)
     1>DBManager.obj : error LNK2019: unresolved external symbol _sqlite3_open referenced in function "public: __thiscall DBManager::DBManager(void)" (??0DBManager@@QAE@XZ)
     1>DBManager.obj : error LNK2019: unresolved external symbol _sqlite3_errmsg referenced in function "public: static class std::vector<class Case,class std::allocator<class Case> > __cdecl DBManager::GetCasesByKeyword(class std::basic_string<char,struct std::char_traits<char>,class std::allocator<char> >)" (?GetCasesByKeyword@DBManager@@SA?AV?$vector@VCase@@V?$allocator@VCase@@@std@@@std@@V?$basic_string@DU?$char_traits@D@std@@V?$allocator@D@2@@3@@Z)
     1>DBManager.obj : error LNK2019: unresolved external symbol _sqlite3_prepare_v2 referenced in function "public: static class std::vector<class Case,class std::allocator<class Case> > __cdecl DBManager::GetCasesByKeyword(class std::basic_string<char,struct std::char_traits<char>,class std::allocator<char> >)" (?GetCasesByKeyword@DBManager@@SA?AV?$vector@VCase@@V?$allocator@VCase@@@std@@@std@@V?$basic_string@DU?$char_traits@D@std@@V?$allocator@D@2@@3@@Z)
     1>DBManager.obj : error LNK2019: unresolved external symbol _sqlite3_step referenced in function "public: static class std::vector<class Case,class std::allocator<class Case> > __cdecl DBManager::GetCasesByKeyword(class std::basic_string<char,struct std::char_traits<char>,class std::allocator<char> >)" (?GetCasesByKeyword@DBManager@@SA?AV?$vector@VCase@@V?$allocator@VCase@@@std@@@std@@V?$basic_string@DU?$char_traits@D@std@@V?$allocator@D@2@@3@@Z)
     1>DBManager.obj : error LNK2019: unresolved external symbol _sqlite3_column_text referenced in function "public: static class std::vector<class Case,class std::allocator<class Case> > __cdecl DBManager::GetCasesByKeyword(class std::basic_string<char,struct std::char_traits<char>,class std::allocator<char> >)" (?GetCasesByKeyword@DBManager@@SA?AV?$vector@VCase@@V?$allocator@VCase@@@std@@@std@@V?$basic_string@DU?$char_traits@D@std@@V?$allocator@D@2@@3@@Z)
     1>DBManager.obj : error LNK2019: unresolved external symbol _sqlite3_finalize referenced in function "public: static class std::vector<class Case,class std::allocator<class Case> > __cdecl DBManager::GetCasesByKeyword(class std::basic_string<char,struct std::char_traits<char>,class std::allocator<char> >)" (?GetCasesByKeyword@DBManager@@SA?AV?$vector@VCase@@V?$allocator@VCase@@@std@@@std@@V?$basic_string@DU?$char_traits@D@std@@V?$allocator@D@2@@3@@Z)
     1>DBManager.obj : error LNK2001: unresolved external symbol "private: static struct sqlite3 * DBManager::db" (?db@DBManager@@0PAUsqlite3@@A)
     1>C:\Users\Natesh\Documents\GitHub\Sfwrtech-3PR3-Final-Project---CRM\CRM_Project\Debug\CRM_Project.exe : fatal error LNK1120: 9 unresolved externals
     1>Done Building Project "C:\Users\Natesh\Documents\GitHub\Sfwrtech-3PR3-Final-Project---CRM\CRM_Project\CRM_Project\CRM_Project.vcxproj" (Rebuild target(s)) -- FAILED.

Build FAILED.

Time Elapsed 00:00:03.46
